<?xml version="1.0" encoding="UTF-8"?>
<testsuite xmlns:xsi="http://www.w3.org/2001/XMLSchema-instance" xsi:noNamespaceSchemaLocation="https://maven.apache.org/surefire/maven-surefire-plugin/xsd/surefire-test-report.xsd" name="com.learn.crudspring.controller.UserControllerTest" time="0.07" tests="2" errors="0" skipped="0" failures="0">
  <properties>
[...]
</properties>
  <testcase name="saveUserTest" classname="com.learn.crudspring.controller.UserControllerTest" time="0.068"/>
  <testcase name="findAllTest" classname="com.learn.crudspring.controller.UserControllerTest" time="0.002"/>
</testsuite>